<?xml version="1.0" encoding="UTF-8"?>
<!-- Generated by org.testng.reporters.JUnitXMLReporter -->
<testsuite hostname="WIN-Q5PJLV91P1O" ignored="7" name="Surefire test" tests="20" failures="0" timestamp="14 五月 2020 14:54:39 GMT" time="0.329" errors="0">
  <testcase name="@BeforeSuite setUp" time="0.088" classname="cn.Knife.Wework.BaseTest">
    <failure type="java.lang.NullPointerException">
      <![CDATA[java.lang.NullPointerException
at cn.Knife.Wework.Utils.OutputDos.delAllureResults(OutputDos.java:34)
at cn.Knife.Wework.BaseTest.setUp(BaseTest.java:28)
... Removed 24 stack frames]]>
    </failure>
  </testcase> <!-- @BeforeSuite setUp -->
  <testcase name="@BeforeClass setUp" time="0.0" classname="cn.Knife.Wework.DepartmentTest">
    <skipped/>
  </testcase> <!-- @BeforeClass setUp -->
  <testcase name="@AfterClass tearDown" time="0.0" classname="cn.Knife.Wework.DepartmentTest">
    <skipped/>
  </testcase> <!-- @AfterClass tearDown -->
  <testcase name="@BeforeClass setUp" time="0.0" classname="cn.Knife.Wework.AddressBookManagement.UserTest">
    <skipped/>
  </testcase> <!-- @BeforeClass setUp -->
  <testcase name="@BeforeClass testDelete" time="0.0" classname="cn.Knife.Wework.AddressBookManagement.UserTest">
    <skipped/>
  </testcase> <!-- @BeforeClass testDelete -->
  <testcase name="@BeforeClass setUp" time="0.0" classname="cn.Knife.Wework.VariablesTest">
    <skipped/>
  </testcase> <!-- @BeforeClass setUp -->
  <testcase name="@AfterTest tearDown" time="0.0" classname="cn.Knife.Wework.AddressBookManagement.UserTest">
    <skipped/>
  </testcase> <!-- @AfterTest tearDown -->
  <testcase name="testCreate" time="0.0" classname="cn.Knife.Wework.DepartmentTest">
    <skipped/>
  </testcase> <!-- testCreate -->
  <testcase name="testDelete" time="0.0" classname="cn.Knife.Wework.DepartmentTest">
    <skipped/>
  </testcase> <!-- testDelete -->
  <testcase name="testUpdate" time="0.0" classname="cn.Knife.Wework.DepartmentTest">
    <skipped/>
  </testcase> <!-- testUpdate -->
  <testcase name="testBatchdelete" time="0.0" classname="cn.Knife.Wework.AddressBookManagement.UserTest">
    <skipped/>
  </testcase> <!-- testBatchdelete -->
  <testcase name="testCreate" time="0.0" classname="cn.Knife.Wework.AddressBookManagement.UserTest">
    <skipped/>
  </testcase> <!-- testCreate -->
  <testcase name="testGet" time="0.0" classname="cn.Knife.Wework.AddressBookManagement.UserTest">
    <skipped/>
  </testcase> <!-- testGet -->
  <testcase name="testList" time="0.0" classname="cn.Knife.Wework.AddressBookManagement.UserTest">
    <skipped/>
  </testcase> <!-- testList -->
  <testcase name="testSimplelist" time="0.0" classname="cn.Knife.Wework.AddressBookManagement.UserTest">
    <skipped/>
  </testcase> <!-- testSimplelist -->
  <testcase name="testUpdate" time="0.0" classname="cn.Knife.Wework.AddressBookManagement.UserTest">
    <skipped/>
  </testcase> <!-- testUpdate -->
  <testcase name="errGetToken" time="0.0" classname="cn.Knife.Wework.GetAccess_tokenTest">
    <skipped/>
  </testcase> <!-- errGetToken -->
  <testcase name="testGetToken" time="0.0" classname="cn.Knife.Wework.GetAccess_tokenTest">
    <skipped/>
  </testcase> <!-- testGetToken -->
  <testcase name="testJdbcQueryAndUpdate" time="0.0" classname="cn.Knife.Wework.Utils.JdbcQueryUtilTest">
    <skipped/>
  </testcase> <!-- testJdbcQueryAndUpdate -->
  <testcase name="testUpdate" time="0.0" classname="cn.Knife.Wework.Utils.JdbcQueryUtilTest">
    <skipped/>
  </testcase> <!-- testUpdate -->
  <testcase name="testQuery" time="0.0" classname="cn.Knife.Wework.Utils.JdbcUtilTest">
    <skipped/>
  </testcase> <!-- testQuery -->
  <testcase name="testQueryAll" time="0.0" classname="cn.Knife.Wework.Utils.JdbcUtilTest">
    <skipped/>
  </testcase> <!-- testQueryAll -->
  <testcase name="testUpdate" time="0.0" classname="cn.Knife.Wework.Utils.JdbcUtilTest">
    <skipped/>
  </testcase> <!-- testUpdate -->
  <testcase name="testUpdateAll" time="0.0" classname="cn.Knife.Wework.Utils.JdbcUtilTest">
    <skipped/>
  </testcase> <!-- testUpdateAll -->
  <testcase name="getMysqlVariableTest" time="0.0" classname="cn.Knife.Wework.VariablesTest">
    <skipped/>
  </testcase> <!-- getMysqlVariableTest -->
  <testcase name="yamlTest" time="0.0" classname="cn.Knife.Wework.WeworkConfigTest">
    <skipped/>
  </testcase> <!-- yamlTest -->
  <testcase name="testGetToken" time="0.0" classname="cn.Knife.Wework.WeworkLoginTest">
    <skipped/>
  </testcase> <!-- testGetToken -->
  <testcase name="@BeforeSuite setUp" time="0.0" classname="cn.Knife.Wework.BaseTest">
    <ignored/>
  </testcase> <!-- @BeforeSuite setUp -->
  <testcase name="@BeforeSuite setUp" time="0.0" classname="cn.Knife.Wework.BaseTest">
    <ignored/>
  </testcase> <!-- @BeforeSuite setUp -->
  <testcase name="@BeforeSuite setUp" time="0.0" classname="cn.Knife.Wework.BaseTest">
    <ignored/>
  </testcase> <!-- @BeforeSuite setUp -->
  <testcase name="@AfterSuite tearDown" time="0.0" classname="cn.Knife.Wework.BaseTest">
    <ignored/>
  </testcase> <!-- @AfterSuite tearDown -->
  <testcase name="@AfterSuite tearDown" time="0.0" classname="cn.Knife.Wework.BaseTest">
    <ignored/>
  </testcase> <!-- @AfterSuite tearDown -->
  <testcase name="@AfterSuite tearDown" time="0.0" classname="cn.Knife.Wework.BaseTest">
    <ignored/>
  </testcase> <!-- @AfterSuite tearDown -->
  <testcase name="@AfterSuite tearDown" time="0.0" classname="cn.Knife.Wework.BaseTest">
    <ignored/>
  </testcase> <!-- @AfterSuite tearDown -->
</testsuite> <!-- Surefire test -->
