<html>
<head>
<title>TestNG:  Command line test</title>
<link href="../testng.css" rel="stylesheet" type="text/css" />
<link href="../my-testng.css" rel="stylesheet" type="text/css" />

<style type="text/css">
.log { display: none;} 
.stack-trace { display: none;} 
</style>
<script type="text/javascript">
<!--
function flip(e) {
  current = e.style.display;
  if (current == 'block') {
    e.style.display = 'none';
    return 0;
  }
  else {
    e.style.display = 'block';
    return 1;
  }
}

function toggleBox(szDivId, elem, msg1, msg2)
{
  var res = -1;  if (document.getElementById) {
    res = flip(document.getElementById(szDivId));
  }
  else if (document.all) {
    // this is the way old msie versions work
    res = flip(document.all[szDivId]);
  }
  if(elem) {
    if(res == 0) elem.innerHTML = msg1; else elem.innerHTML = msg2;
  }

}

function toggleAllBoxes() {
  if (document.getElementsByTagName) {
    d = document.getElementsByTagName('div');
    for (i = 0; i < d.length; i++) {
      if (d[i].className == 'log') {
        flip(d[i]);
      }
    }
  }
}

// -->
</script>

</head>
<body>
<h2 align='center'>Command line test</h2><table border='1' align="center">
<tr>
<td>Tests passed/Failed/Skipped:</td><td>13/1/0</td>
</tr><tr>
<td>Started on:</td><td>Sat May 09 16:13:17 CST 2020</td>
</tr>
<tr><td>Total time:</td><td>27 seconds (27425 ms)</td>
</tr><tr>
<td>Included groups:</td><td></td>
</tr><tr>
<td>Excluded groups:</td><td></td>
</tr>
</table><p/>
<small><i>(Hover the method name to see the test class name)</i></small><p/>
<table width='100%' border='1' class='invocation-failed'>
<tr><td colspan='4' align='center'><b>FAILED TESTS</b></td></tr>
<tr><td><b>Test method</b></td>
<td width="30%"><b>Exception</b></td>
<td width="10%"><b>Time (seconds)</b></td>
<td><b>Instance</b></td>
</tr>
<tr>
<td title='cn.Knife.Wework.GetAccess_tokenTest.errGetToken()'><b>errGetToken</b><br>Test class: cn.Knife.Wework.GetAccess_tokenTest<br>Test method: 获取token异常测试</td>
<td><div><pre>java.lang.AssertionError: 1 expectation failed.
JSON path errcode doesn&apos;t match.
Expected: &lt;0&gt;
  Actual: 41002

	at org.codehaus.groovy.runtime.callsite.ConstructorSite$ConstructorSiteNoUnwrap.callConstructor(ConstructorSite.java:84)
	at org.codehaus.groovy.runtime.callsite.CallSiteArray.defaultCallConstructor(CallSiteArray.java:59)
	at org.codehaus.groovy.runtime.callsite.AbstractCallSite.callConstructor(AbstractCallSite.java:238)
	at org.codehaus.groovy.runtime.callsite.AbstractCallSite.callConstructor(AbstractCallSite.java:250)
	at io.restassured.internal.ResponseSpecificationImpl$HamcrestAssertionClosure.validate(ResponseSpecificationImpl.groovy:494)
	at io.restassured.internal.ResponseSpecificationImpl$HamcrestAssertionClosure$validate$1.call(Unknown Source)
	at io.restassured.internal.ResponseSpecificationImpl.validateResponseIfRequired(ResponseSpecificationImpl.groovy:656)
	at org.codehaus.groovy.runtime.callsite.PogoMetaMethodSite$PogoCachedMethodSiteNoUnwrapNoCoerce.invoke(PogoMetaMethodSite.java:210)
	at org.codehaus.groovy.runtime.callsite.PogoMetaMethodSite.callCurrent(PogoMetaMethodSite.java:59)
	at org.codehaus.groovy.runtime.callsite.AbstractCallSite.callCurrent(AbstractCallSite.java:169)
	at io.restassured.internal.ResponseSpecificationImpl.content(ResponseSpecificationImpl.groovy:277)
	at io.restassured.specification.ResponseSpecification$content$2.callCurrent(Unknown Source)
	at io.restassured.internal.ResponseSpecificationImpl.body(ResponseSpecificationImpl.groovy:260)
	at io.restassured.internal.ValidatableResponseOptionsImpl.body(ValidatableResponseOptionsImpl.java:274)
	at cn.Knife.Wework.GetAccess_tokenTest.errGetToken(GetAccess_tokenTest.java:39)
... Removed 44 stack frames</pre></div><a href='#' onClick='toggleBox("stack-trace943472307", this, "Click to show all stack frames", "Click to hide stack frames")'>Click to show all stack frames</a>
<div class='stack-trace' id='stack-trace943472307'><pre>java.lang.AssertionError: 1 expectation failed.
JSON path errcode doesn&apos;t match.
Expected: &lt;0&gt;
  Actual: 41002

	at sun.reflect.NativeConstructorAccessorImpl.newInstance0(Native Method)
	at sun.reflect.NativeConstructorAccessorImpl.newInstance(NativeConstructorAccessorImpl.java:62)
	at sun.reflect.DelegatingConstructorAccessorImpl.newInstance(DelegatingConstructorAccessorImpl.java:45)
	at java.lang.reflect.Constructor.newInstance(Constructor.java:423)
	at org.codehaus.groovy.reflection.CachedConstructor.invoke(CachedConstructor.java:83)
	at org.codehaus.groovy.reflection.CachedConstructor.doConstructorInvoke(CachedConstructor.java:77)
	at org.codehaus.groovy.runtime.callsite.ConstructorSite$ConstructorSiteNoUnwrap.callConstructor(ConstructorSite.java:84)
	at org.codehaus.groovy.runtime.callsite.CallSiteArray.defaultCallConstructor(CallSiteArray.java:59)
	at org.codehaus.groovy.runtime.callsite.AbstractCallSite.callConstructor(AbstractCallSite.java:238)
	at org.codehaus.groovy.runtime.callsite.AbstractCallSite.callConstructor(AbstractCallSite.java:250)
	at io.restassured.internal.ResponseSpecificationImpl$HamcrestAssertionClosure.validate(ResponseSpecificationImpl.groovy:494)
	at io.restassured.internal.ResponseSpecificationImpl$HamcrestAssertionClosure$validate$1.call(Unknown Source)
	at io.restassured.internal.ResponseSpecificationImpl.validateResponseIfRequired(ResponseSpecificationImpl.groovy:656)
	at sun.reflect.GeneratedMethodAccessor80.invoke(Unknown Source)
	at sun.reflect.DelegatingMethodAccessorImpl.invoke(DelegatingMethodAccessorImpl.java:43)
	at java.lang.reflect.Method.invoke(Method.java:498)
	at org.codehaus.groovy.runtime.callsite.PogoMetaMethodSite$PogoCachedMethodSiteNoUnwrapNoCoerce.invoke(PogoMetaMethodSite.java:210)
	at org.codehaus.groovy.runtime.callsite.PogoMetaMethodSite.callCurrent(PogoMetaMethodSite.java:59)
	at org.codehaus.groovy.runtime.callsite.AbstractCallSite.callCurrent(AbstractCallSite.java:169)
	at io.restassured.internal.ResponseSpecificationImpl.content(ResponseSpecificationImpl.groovy:277)
	at io.restassured.specification.ResponseSpecification$content$2.callCurrent(Unknown Source)
	at io.restassured.internal.ResponseSpecificationImpl.body(ResponseSpecificationImpl.groovy:260)
	at io.restassured.internal.ValidatableResponseOptionsImpl.body(ValidatableResponseOptionsImpl.java:274)
	at cn.Knife.Wework.GetAccess_tokenTest.errGetToken(GetAccess_tokenTest.java:39)
	at sun.reflect.NativeMethodAccessorImpl.invoke0(Native Method)
	at sun.reflect.NativeMethodAccessorImpl.invoke(NativeMethodAccessorImpl.java:62)
	at sun.reflect.DelegatingMethodAccessorImpl.invoke(DelegatingMethodAccessorImpl.java:43)
	at java.lang.reflect.Method.invoke(Method.java:498)
	at org.testng.internal.MethodInvocationHelper.invokeMethod(MethodInvocationHelper.java:124)
	at org.testng.internal.Invoker.invokeMethod(Invoker.java:583)
	at org.testng.internal.Invoker.invokeTestMethod(Invoker.java:719)
	at org.testng.internal.Invoker.invokeTestMethods(Invoker.java:989)
	at org.testng.internal.TestMethodWorker.invokeTestMethods(TestMethodWorker.java:125)
	at org.testng.internal.TestMethodWorker.run(TestMethodWorker.java:109)
	at org.testng.TestRunner.privateRun(TestRunner.java:648)
	at org.testng.TestRunner.run(TestRunner.java:505)
	at org.testng.SuiteRunner.runTest(SuiteRunner.java:455)
	at org.testng.SuiteRunner.runSequentially(SuiteRunner.java:450)
	at org.testng.SuiteRunner.privateRun(SuiteRunner.java:415)
	at org.testng.SuiteRunner.run(SuiteRunner.java:364)
	at org.testng.SuiteRunnerWorker.runSuite(SuiteRunnerWorker.java:52)
	at org.testng.SuiteRunnerWorker.run(SuiteRunnerWorker.java:84)
	at org.testng.TestNG.runSuitesSequentially(TestNG.java:1208)
	at org.testng.TestNG.runSuitesLocally(TestNG.java:1137)
	at org.testng.TestNG.runSuites(TestNG.java:1049)
	at org.testng.TestNG.run(TestNG.java:1017)
	at org.apache.maven.surefire.testng.TestNGExecutor.run(TestNGExecutor.java:77)
	at org.apache.maven.surefire.testng.TestNGDirectoryTestSuite.executeMulti(TestNGDirectoryTestSuite.java:159)
	at org.apache.maven.surefire.testng.TestNGDirectoryTestSuite.execute(TestNGDirectoryTestSuite.java:99)
	at org.apache.maven.surefire.testng.TestNGProvider.invoke(TestNGProvider.java:106)
	at sun.reflect.NativeMethodAccessorImpl.invoke0(Native Method)
	at sun.reflect.NativeMethodAccessorImpl.invoke(NativeMethodAccessorImpl.java:62)
	at sun.reflect.DelegatingMethodAccessorImpl.invoke(DelegatingMethodAccessorImpl.java:43)
	at java.lang.reflect.Method.invoke(Method.java:498)
	at org.apache.maven.surefire.util.ReflectionUtils.invokeMethodWithArray(ReflectionUtils.java:189)
	at org.apache.maven.surefire.booter.ProviderFactory$ProviderProxy.invoke(ProviderFactory.java:165)
	at org.apache.maven.surefire.booter.ProviderFactory.invokeProvider(ProviderFactory.java:85)
	at org.apache.maven.surefire.booter.ForkedBooter.runSuitesInProcess(ForkedBooter.java:115)
	at org.apache.maven.surefire.booter.ForkedBooter.main(ForkedBooter.java:75)
</pre></div></td>
<td>0</td>
<td>cn.Knife.Wework.GetAccess_tokenTest@4d49af10</td></tr>
</table><p>
<table width='100%' border='1' class='invocation-passed'>
<tr><td colspan='4' align='center'><b>PASSED TESTS</b></td></tr>
<tr><td><b>Test method</b></td>
<td width="30%"><b>Exception</b></td>
<td width="10%"><b>Time (seconds)</b></td>
<td><b>Instance</b></td>
</tr>
<tr>
<td title='cn.Knife.Wework.AddressBookManagement.UserTest.testBatchdelete()'><b>testBatchdelete</b><br>Test class: cn.Knife.Wework.AddressBookManagement.UserTest</td>
<td></td>
<td>3</td>
<td>cn.Knife.Wework.AddressBookManagement.UserTest@345965f2</td></tr>
<tr>
<td title='cn.Knife.Wework.AddressBookManagement.UserTest.testCreate()'><b>testCreate</b><br>Test class: cn.Knife.Wework.AddressBookManagement.UserTest</td>
<td></td>
<td>0</td>
<td>cn.Knife.Wework.AddressBookManagement.UserTest@345965f2</td></tr>
<tr>
<td title='cn.Knife.Wework.DepartmentTest.testCreate()'><b>testCreate</b><br>Test class: cn.Knife.Wework.DepartmentTest<br>Test method: 创建部门测试</td>
<td></td>
<td>2</td>
<td>cn.Knife.Wework.DepartmentTest@429bd883</td></tr>
<tr>
<td title='cn.Knife.Wework.AddressBookManagement.UserTest.testDelete()'><b>testDelete</b><br>Test class: cn.Knife.Wework.AddressBookManagement.UserTest</td>
<td></td>
<td>1</td>
<td>cn.Knife.Wework.AddressBookManagement.UserTest@345965f2</td></tr>
<tr>
<td title='cn.Knife.Wework.DepartmentTest.testDelete()'><b>testDelete</b><br>Test class: cn.Knife.Wework.DepartmentTest<br>Test method: 删除部门测试</td>
<td></td>
<td>3</td>
<td>cn.Knife.Wework.DepartmentTest@429bd883</td></tr>
<tr>
<td title='cn.Knife.Wework.AddressBookManagement.UserTest.testGet()'><b>testGet</b><br>Test class: cn.Knife.Wework.AddressBookManagement.UserTest</td>
<td></td>
<td>1</td>
<td>cn.Knife.Wework.AddressBookManagement.UserTest@345965f2</td></tr>
<tr>
<td title='cn.Knife.Wework.GetAccess_tokenTest.testGetToken()'><b>testGetToken</b><br>Test class: cn.Knife.Wework.GetAccess_tokenTest<br>Test method: 获取token</td>
<td></td>
<td>0</td>
<td>cn.Knife.Wework.GetAccess_tokenTest@4d49af10</td></tr>
<tr>
<td title='cn.Knife.Wework.WeworkLoginTest.testGetToken()'><b>testGetToken</b><br>Test class: cn.Knife.Wework.WeworkLoginTest</td>
<td></td>
<td>0</td>
<td>cn.Knife.Wework.WeworkLoginTest@58134517</td></tr>
<tr>
<td title='cn.Knife.Wework.AddressBookManagement.UserTest.testList()'><b>testList</b><br>Test class: cn.Knife.Wework.AddressBookManagement.UserTest</td>
<td></td>
<td>0</td>
<td>cn.Knife.Wework.AddressBookManagement.UserTest@345965f2</td></tr>
<tr>
<td title='cn.Knife.Wework.AddressBookManagement.UserTest.testSimplelist()'><b>testSimplelist</b><br>Test class: cn.Knife.Wework.AddressBookManagement.UserTest</td>
<td></td>
<td>0</td>
<td>cn.Knife.Wework.AddressBookManagement.UserTest@345965f2</td></tr>
<tr>
<td title='cn.Knife.Wework.AddressBookManagement.UserTest.testUpdate()'><b>testUpdate</b><br>Test class: cn.Knife.Wework.AddressBookManagement.UserTest</td>
<td></td>
<td>2</td>
<td>cn.Knife.Wework.AddressBookManagement.UserTest@345965f2</td></tr>
<tr>
<td title='cn.Knife.Wework.DepartmentTest.testUpdate()'><b>testUpdate</b><br>Test class: cn.Knife.Wework.DepartmentTest<br>Test method: 修改部门测试</td>
<td></td>
<td>2</td>
<td>cn.Knife.Wework.DepartmentTest@429bd883</td></tr>
<tr>
<td title='cn.Knife.Wework.WeworkConfigTest.yamlTest()'><b>yamlTest</b><br>Test class: cn.Knife.Wework.WeworkConfigTest</td>
<td></td>
<td>0</td>
<td>cn.Knife.Wework.WeworkConfigTest@279ad2e3</td></tr>
</table><p>
</body>
</html>