<?xml version="1.0" encoding="UTF-8" ?>
<testsuite tests="14" failures="1" name="TestSuite" time="18.549" errors="0" skipped="0">
  <properties>
[...]
</properties>
  <testcase classname="cn.Knife.Wework.AddressBookManagement.UserTest" name="testBatchdelete" time="3.038"/>
  <testcase classname="cn.Knife.Wework.AddressBookManagement.UserTest" name="testCreate" time="0.598"/>
  <testcase classname="cn.Knife.Wework.AddressBookManagement.UserTest" name="testDelete" time="1.244"/>
  <testcase classname="cn.Knife.Wework.AddressBookManagement.UserTest" name="testGet" time="1.442"/>
  <testcase classname="cn.Knife.Wework.AddressBookManagement.UserTest" name="testList" time="0.421"/>
  <testcase classname="cn.Knife.Wework.AddressBookManagement.UserTest" name="testSimplelist" time="0.422"/>
  <testcase classname="cn.Knife.Wework.AddressBookManagement.UserTest" name="testUpdate" time="2.07"/>
  <testcase classname="cn.Knife.Wework.DepartmentTest" name="testDelete" time="3.474"/>
  <testcase classname="cn.Knife.Wework.DepartmentTest" name="testUpdate" time="2.526"/>
  <testcase classname="cn.Knife.Wework.GetAccess_tokenTest" name="errGetToken" time="0.341">
    <failure message="1 expectation failed.
JSON path errcode doesn&apos;t match.
Expected: &lt;0&gt;
  Actual: 41002
" type="java.lang.AssertionError">java.lang.AssertionError: 1 expectation failed.
JSON path errcode doesn&apos;t match.
Expected: &lt;0&gt;
  Actual: 41002

	at sun.reflect.NativeConstructorAccessorImpl.newInstance0(Native Method)
	at sun.reflect.NativeConstructorAccessorImpl.newInstance(NativeConstructorAccessorImpl.java:62)
	at sun.reflect.DelegatingConstructorAccessorImpl.newInstance(DelegatingConstructorAccessorImpl.java:45)
	at java.lang.reflect.Constructor.newInstance(Constructor.java:423)
	at org.codehaus.groovy.reflection.CachedConstructor.invoke(CachedConstructor.java:83)
	at org.codehaus.groovy.reflection.CachedConstructor.doConstructorInvoke(CachedConstructor.java:77)
	at org.codehaus.groovy.runtime.callsite.ConstructorSite$ConstructorSiteNoUnwrap.callConstructor(ConstructorSite.java:84)
	at org.codehaus.groovy.runtime.callsite.CallSiteArray.defaultCallConstructor(CallSiteArray.java:59)
	at org.codehaus.groovy.runtime.callsite.AbstractCallSite.callConstructor(AbstractCallSite.java:238)
	at org.codehaus.groovy.runtime.callsite.AbstractCallSite.callConstructor(AbstractCallSite.java:250)
	at io.restassured.internal.ResponseSpecificationImpl$HamcrestAssertionClosure.validate(ResponseSpecificationImpl.groovy:494)
	at io.restassured.internal.ResponseSpecificationImpl$HamcrestAssertionClosure$validate$1.call(Unknown Source)
	at io.restassured.internal.ResponseSpecificationImpl.validateResponseIfRequired(ResponseSpecificationImpl.groovy:656)
	at sun.reflect.GeneratedMethodAccessor80.invoke(Unknown Source)
	at sun.reflect.DelegatingMethodAccessorImpl.invoke(DelegatingMethodAccessorImpl.java:43)
	at java.lang.reflect.Method.invoke(Method.java:498)
	at org.codehaus.groovy.runtime.callsite.PogoMetaMethodSite$PogoCachedMethodSiteNoUnwrapNoCoerce.invoke(PogoMetaMethodSite.java:210)
	at org.codehaus.groovy.runtime.callsite.PogoMetaMethodSite.callCurrent(PogoMetaMethodSite.java:59)
	at org.codehaus.groovy.runtime.callsite.AbstractCallSite.callCurrent(AbstractCallSite.java:169)
	at io.restassured.internal.ResponseSpecificationImpl.content(ResponseSpecificationImpl.groovy:277)
	at io.restassured.specification.ResponseSpecification$content$2.callCurrent(Unknown Source)
	at io.restassured.internal.ResponseSpecificationImpl.body(ResponseSpecificationImpl.groovy:260)
	at io.restassured.internal.ValidatableResponseOptionsImpl.body(ValidatableResponseOptionsImpl.java:274)
	at cn.Knife.Wework.GetAccess_tokenTest.errGetToken(GetAccess_tokenTest.java:39)
</failure>
    <system-out>Request method:	GET
Request URI:	https://qyapi.weixin.qq.com/cgi-bin/gettoken?corpid=&amp;corpsecret=vj1C5akNwtxZb18MECiNZym4IVBTWEi18L57r1KJF2s
Proxy:			&lt;none&gt;
Request params:	&lt;none&gt;
Query params:	corpid=
				corpsecret=vj1C5akNwtxZb18MECiNZym4IVBTWEi18L57r1KJF2s
Form params:	&lt;none&gt;
Path params:	&lt;none&gt;
Headers:		Accept=*/*
Cookies:		&lt;none&gt;
Multiparts:		&lt;none&gt;
Body:			&lt;none&gt;
HTTP/1.1 200 OK
Server: nginx
Date: Sat, 09 May 2020 08:12:37 GMT
Content-Type: application/json; charset=utf-8
Content-Length: 43
Connection: keep-alive
Cache-Control: no-cache
Pragma: no-cache

{
    &quot;errcode&quot;: 41002,
    &quot;errmsg&quot;: &quot;corpid missing&quot;
}
</system-out>
  </testcase>
  <testcase classname="cn.Knife.Wework.GetAccess_tokenTest" name="testGetToken" time="0.38"/>
  <testcase classname="cn.Knife.Wework.WeworkConfigTest" name="yamlTest" time="0.004"/>
  <testcase classname="cn.Knife.Wework.WeworkLoginTest" name="testGetToken" time="0.002"/>
  <testcase classname="cn.Knife.Wework.DepartmentTest" name="testCreate" time="2.587"/>
</testsuite>