<?xml version="1.0" encoding="UTF-8"?>
<testsuite xmlns:xsi="http://www.w3.org/2001/XMLSchema-instance" xsi:noNamespaceSchemaLocation="https://maven.apache.org/surefire/maven-surefire-plugin/xsd/surefire-test-report.xsd" name="TestSuite" time="4.246" tests="28" errors="0" skipped="27" failures="1">
  <properties>
[...]
</properties>
  <testcase name="setUp" classname="cn.Knife.Wework.BaseTest" time="2.944">
    <failure type="java.lang.NullPointerException">java.lang.NullPointerException
	at cn.Knife.Wework.BaseTest.setUp(BaseTest.java:28)
</failure>
    <system-out><![CDATA[D:\Knife-Test\target\allure-results
]]></system-out>
    <system-err><![CDATA[SLF4J: Failed to load class "org.slf4j.impl.StaticLoggerBinder".
SLF4J: Defaulting to no-operation (NOP) logger implementation
SLF4J: See http://www.slf4j.org/codes.html#StaticLoggerBinder for further details.
]]></system-err>
  </testcase>
  <testcase name="setUp" classname="cn.Knife.Wework.DepartmentTest" time="0">
    <skipped/>
  </testcase>
  <testcase name="testCreate" classname="cn.Knife.Wework.DepartmentTest" time="0">
    <skipped/>
  </testcase>
  <testcase name="testDelete" classname="cn.Knife.Wework.DepartmentTest" time="0">
    <skipped/>
  </testcase>
  <testcase name="testUpdate" classname="cn.Knife.Wework.DepartmentTest" time="0">
    <skipped/>
  </testcase>
  <testcase name="tearDown" classname="cn.Knife.Wework.DepartmentTest" time="0">
    <skipped/>
  </testcase>
  <testcase name="setUp" classname="cn.Knife.Wework.AddressBookManagement.UserTest" time="0">
    <skipped/>
  </testcase>
  <testcase name="testDelete" classname="cn.Knife.Wework.AddressBookManagement.UserTest" time="0">
    <skipped/>
  </testcase>
  <testcase name="testBatchdelete" classname="cn.Knife.Wework.AddressBookManagement.UserTest" time="0">
    <skipped/>
  </testcase>
  <testcase name="testCreate" classname="cn.Knife.Wework.AddressBookManagement.UserTest" time="0">
    <skipped/>
  </testcase>
  <testcase name="testGet" classname="cn.Knife.Wework.AddressBookManagement.UserTest" time="0">
    <skipped/>
  </testcase>
  <testcase name="testList" classname="cn.Knife.Wework.AddressBookManagement.UserTest" time="0">
    <skipped/>
  </testcase>
  <testcase name="testSimplelist" classname="cn.Knife.Wework.AddressBookManagement.UserTest" time="0">
    <skipped/>
  </testcase>
  <testcase name="testUpdate" classname="cn.Knife.Wework.AddressBookManagement.UserTest" time="0">
    <skipped/>
  </testcase>
  <testcase name="errGetToken" classname="cn.Knife.Wework.GetAccess_tokenTest" time="0">
    <skipped/>
  </testcase>
  <testcase name="testGetToken" classname="cn.Knife.Wework.GetAccess_tokenTest" time="0">
    <skipped/>
  </testcase>
  <testcase name="testJdbcQueryAndUpdate" classname="cn.Knife.Wework.Utils.JdbcQueryUtilTest" time="0">
    <skipped/>
  </testcase>
  <testcase name="testUpdate" classname="cn.Knife.Wework.Utils.JdbcQueryUtilTest" time="0">
    <skipped/>
  </testcase>
  <testcase name="testQuery" classname="cn.Knife.Wework.Utils.JdbcUtilTest" time="0">
    <skipped/>
  </testcase>
  <testcase name="testQueryAll" classname="cn.Knife.Wework.Utils.JdbcUtilTest" time="0">
    <skipped/>
  </testcase>
  <testcase name="testUpdate" classname="cn.Knife.Wework.Utils.JdbcUtilTest" time="0">
    <skipped/>
  </testcase>
  <testcase name="testUpdateAll" classname="cn.Knife.Wework.Utils.JdbcUtilTest" time="0">
    <skipped/>
  </testcase>
  <testcase name="setUp" classname="cn.Knife.Wework.VariablesTest" time="0">
    <skipped/>
  </testcase>
  <testcase name="getMysqlVariableTest" classname="cn.Knife.Wework.VariablesTest" time="0">
    <skipped/>
  </testcase>
  <testcase name="yamlTest" classname="cn.Knife.Wework.WeworkConfigTest" time="0">
    <skipped/>
  </testcase>
  <testcase name="testGetToken" classname="cn.Knife.Wework.WeworkLoginTest" time="0">
    <skipped/>
  </testcase>
  <testcase name="tearDown" classname="cn.Knife.Wework.AddressBookManagement.UserTest" time="0">
    <skipped/>
  </testcase>
  <testcase name="tearDown" classname="cn.Knife.Wework.BaseTest" time="0">
    <skipped/>
  </testcase>
</testsuite>